<?xml version="1.0" encoding="UTF-8"?>
<!-- Generated by org.testng.reporters.JUnitReportReporter -->
<testsuite hostname="CDC2-D-6SC8H92" name="Test.NewTest" tests="1" failures="0" timestamp="24 Jul 2019 10:21:00 GMT" time="31.593" errors="0">
  <testcase name="f" time="31.593" classname="Test.NewTest"/>
</testsuite> <!-- Test.NewTest -->
